#
# There is insufficient memory for the Java Runtime Environment to continue.
# Native memory allocation (mmap) failed to map 536870912 bytes for G1 virtual space
# Possible reasons:
#   The system is out of physical RAM or swap space
#   The process is running with CompressedOops enabled, and the Java Heap may be blocking the growth of the native heap
# Possible solutions:
#   Reduce memory load on the system
#   Increase physical memory or swap space
#   Check if swap backing store is full
#   Decrease Java heap size (-Xmx/-Xms)
#   Decrease number of Java threads
#   Decrease Java thread stack sizes (-Xss)
#   Set larger code cache with -XX:ReservedCodeCacheSize=
#   JVM is running with Zero Based Compressed Oops mode in which the Java heap is
#     placed in the first 32GB address space. The Java Heap base address is the
#     maximum limit for the native heap growth. Please use -XX:HeapBaseMinAddress
#     to set the Java Heap base and to place the Java Heap above 32GB virtual address.
# This output file may be truncated or incomplete.
#
#  Out of Memory Error (os_windows.cpp:3825), pid=17804, tid=10216
#
# JRE version:  (17.0.10) (build )
# Java VM: OpenJDK 64-Bit Server VM (17.0.10+0--11609105, mixed mode, sharing, tiered, compressed oops, compressed class ptrs, g1 gc, windows-amd64)
# No core dump will be written. Minidumps are not enabled by default on client versions of Windows
#

---------------  S U M M A R Y ------------

Command Line: git4idea.http.GitAskPassApp Username for 'https://github.com': 

Host: AMD Ryzen 7 2700X Eight-Core Processor         , 16 cores, 31G,  Windows 10 , 64 bit Build 19041 (10.0.19041.4842)
Time: Sun Sep 15 16:04:49 2024  Windows 10 , 64 bit Build 19041 (10.0.19041.4842) elapsed time: 0.007538 seconds (0d 0h 0m 0s)

---------------  T H R E A D  ---------------

Current thread (0x00000196bb912b00):  JavaThread "Unknown thread" [_thread_in_vm, id=10216, stack(0x0000003bd7f00000,0x0000003bd8000000)]

Stack: [0x0000003bd7f00000,0x0000003bd8000000]
Native frames: (J=compiled Java code, j=interpreted, Vv=VM code, C=native code)
V  [jvm.dll+0x688de9]
V  [jvm.dll+0x8423da]
V  [jvm.dll+0x84401e]
V  [jvm.dll+0x844683]
V  [jvm.dll+0x24be0f]
V  [jvm.dll+0x685bb9]
V  [jvm.dll+0x67a46a]
V  [jvm.dll+0x30cbab]
V  [jvm.dll+0x314056]
V  [jvm.dll+0x363dce]
V  [jvm.dll+0x363fff]
V  [jvm.dll+0x2e2978]
V  [jvm.dll+0x2e38e4]
V  [jvm.dll+0x812f71]
V  [jvm.dll+0x371c81]
V  [jvm.dll+0x7f1ac6]
V  [jvm.dll+0x3f58df]
V  [jvm.dll+0x3f7511]
C  [jli.dll+0x528f]
C  [ucrtbase.dll+0x21bb2]
C  [KERNEL32.DLL+0x17374]
C  [ntdll.dll+0x4cc91]


---------------  P R O C E S S  ---------------

Threads class SMR info:
_java_thread_list=0x00007ffbcdb0ef58, length=0, elements={
}

Java Threads: ( => current thread )

Other Threads:
  0x00000196bb9bf4c0 GCTaskThread "GC Thread#0" [stack: 0x0000003bd8000000,0x0000003bd8100000] [id=1636]
  0x00000196bb9ce3d0 ConcurrentGCThread "G1 Main Marker" [stack: 0x0000003bd8100000,0x0000003bd8200000] [id=26412]
  0x00000196e1614810 ConcurrentGCThread "G1 Conc#0" [stack: 0x0000003bd8200000,0x0000003bd8300000] [id=19520]

[error occurred during error reporting (printing all threads), id 0xc0000005, EXCEPTION_ACCESS_VIOLATION (0xc0000005) at pc=0x00007ffbcd2c3547]

VM state: not at safepoint (not fully initialized)

VM Mutex/Monitor currently owned by a thread:  ([mutex/lock_event])
[0x00000196bb90d080] Heap_lock - owner thread: 0x00000196bb912b00

Heap address: 0x0000000600c00000, size: 8180 MB, Compressed Oops mode: Zero based, Oop shift amount: 3

CDS archive(s) mapped at: [0x0000000000000000-0x0000000000000000-0x0000000000000000), size 0, SharedBaseAddress: 0x0000000800000000, ArchiveRelocationMode: 1.
Narrow klass base: 0x0000000000000000, Narrow klass shift: 0, Narrow klass range: 0x0

GC Precious Log:
<Empty>

Heap:
 garbage-first heap   total 0K, used 0K [0x0000000600c00000, 0x0000000800000000)
  region size 4096K, 0 young (0K), 0 survivors (0K)
 Metaspace       used 0K, committed 0K, reserved 0K
  class space    used 0K, committed 0K, reserved 0K

Heap Regions: E=young(eden), S=young(survivor), O=old, HS=humongous(starts), HC=humongous(continues), CS=collection set, F=free, OA=open archive, CA=closed archive, TAMS=top-at-mark-start (previous, next)

Card table byte_map: [0x00000196cf670000,0x00000196d0670000] _byte_map_base: 0x00000196cc66a000

Marking Bits (Prev, Next): (CMBitMap*) 0x00000196bb9bfae0, (CMBitMap*) 0x00000196bb9bfb20
 Prev Bits: [0x00000196d1670000, 0x00000196d9640000)
 Next Bits: [0x00000196d9640000, 0x00000196e1610000)

GC Heap History (0 events):
No events

Dll operation events (1 events):
Event: 0.004 Loaded shared library C:\Program Files\Android\Android Studio\jbr\bin\java.dll

Deoptimization events (0 events):
No events

Classes unloaded (0 events):
No events

Classes redefined (0 events):
No events

Internal exceptions (0 events):
No events

VM Operations (0 events):
No events

Events (0 events):
No events


Dynamic libraries:
0x00007ff72cdd0000 - 0x00007ff72cdda000 	C:\Program Files\Android\Android Studio\jbr\bin\java.exe
0x00007ffc54c70000 - 0x00007ffc54e68000 	C:\WINDOWS\SYSTEM32\ntdll.dll
0x00007ffc54140000 - 0x00007ffc54201000 	C:\WINDOWS\System32\KERNEL32.DLL
0x00007ffc527a0000 - 0x00007ffc52a9d000 	C:\WINDOWS\System32\KERNELBASE.dll
0x00007ffc523e0000 - 0x00007ffc524e0000 	C:\WINDOWS\System32\ucrtbase.dll
0x00007ffc2f9d0000 - 0x00007ffc2f9e7000 	C:\Program Files\Android\Android Studio\jbr\bin\jli.dll
0x00007ffc17df0000 - 0x00007ffc17e0b000 	C:\Program Files\Android\Android Studio\jbr\bin\VCRUNTIME140.dll
0x00007ffc53780000 - 0x00007ffc5391d000 	C:\WINDOWS\System32\USER32.dll
0x00007ffc52320000 - 0x00007ffc52342000 	C:\WINDOWS\System32\win32u.dll
0x00007ffc40e40000 - 0x00007ffc410da000 	C:\WINDOWS\WinSxS\amd64_microsoft.windows.common-controls_6595b64144ccf1df_6.0.19041.4355_none_60b8b9eb71f62e16\COMCTL32.dll
0x00007ffc52cd0000 - 0x00007ffc52cfb000 	C:\WINDOWS\System32\GDI32.dll
0x00007ffc52d00000 - 0x00007ffc52d9e000 	C:\WINDOWS\System32\msvcrt.dll
0x00007ffc52680000 - 0x00007ffc52797000 	C:\WINDOWS\System32\gdi32full.dll
0x00007ffc52c00000 - 0x00007ffc52c9d000 	C:\WINDOWS\System32\msvcp_win.dll
0x00007ffc52ca0000 - 0x00007ffc52ccf000 	C:\WINDOWS\System32\IMM32.DLL
0x00007ffc23ef0000 - 0x00007ffc23efc000 	C:\Program Files\Android\Android Studio\jbr\bin\vcruntime140_1.dll
0x00007ffc17d60000 - 0x00007ffc17ded000 	C:\Program Files\Android\Android Studio\jbr\bin\msvcp140.dll
0x00007ffbccfd0000 - 0x00007ffbcdc53000 	C:\Program Files\Android\Android Studio\jbr\bin\server\jvm.dll
0x00007ffc54b80000 - 0x00007ffc54c30000 	C:\WINDOWS\System32\ADVAPI32.dll
0x00007ffc536e0000 - 0x00007ffc53780000 	C:\WINDOWS\System32\sechost.dll
0x00007ffc54910000 - 0x00007ffc54a33000 	C:\WINDOWS\System32\RPCRT4.dll
0x00007ffc52530000 - 0x00007ffc52557000 	C:\WINDOWS\System32\bcrypt.dll
0x00007ffc39520000 - 0x00007ffc39529000 	C:\WINDOWS\SYSTEM32\WSOCK32.dll
0x00007ffc51e90000 - 0x00007ffc51edb000 	C:\WINDOWS\SYSTEM32\POWRPROF.dll
0x00007ffc472d0000 - 0x00007ffc472f7000 	C:\WINDOWS\SYSTEM32\WINMM.dll
0x00007ffc485e0000 - 0x00007ffc485ea000 	C:\WINDOWS\SYSTEM32\VERSION.dll
0x00007ffc53ff0000 - 0x00007ffc5405b000 	C:\WINDOWS\System32\WS2_32.dll
0x00007ffc51e70000 - 0x00007ffc51e82000 	C:\WINDOWS\SYSTEM32\UMPDC.dll
0x00007ffc501a0000 - 0x00007ffc501b2000 	C:\WINDOWS\SYSTEM32\kernel.appcore.dll
0x00007ffc4edc0000 - 0x00007ffc4edca000 	C:\Program Files\Android\Android Studio\jbr\bin\jimage.dll
0x00007ffc4be50000 - 0x00007ffc4c034000 	C:\WINDOWS\SYSTEM32\DBGHELP.DLL
0x00007ffc48c60000 - 0x00007ffc48c94000 	C:\WINDOWS\SYSTEM32\dbgcore.DLL
0x00007ffc52350000 - 0x00007ffc523d2000 	C:\WINDOWS\System32\bcryptPrimitives.dll
0x00007ffc4be20000 - 0x00007ffc4be45000 	C:\Program Files\Android\Android Studio\jbr\bin\java.dll

dbghelp: loaded successfully - version: 4.0.5 - missing functions: none
symbol engine: initialized successfully - sym options: 0x614 - pdb path: .;C:\Program Files\Android\Android Studio\jbr\bin;C:\WINDOWS\SYSTEM32;C:\WINDOWS\WinSxS\amd64_microsoft.windows.common-controls_6595b64144ccf1df_6.0.19041.4355_none_60b8b9eb71f62e16;C:\Program Files\Android\Android Studio\jbr\bin\server

VM Arguments:
java_command: git4idea.http.GitAskPassApp Username for 'https://github.com': 
java_class_path (initial): C:/Program Files/Android/Android Studio/plugins/vcs-git/lib/git4idea-rt.jar;C:/Program Files/Android/Android Studio/lib/externalProcess-rt.jar
Launcher Type: SUN_STANDARD

[Global flags]
     intx CICompilerCount                          = 12                                        {product} {ergonomic}
     uint ConcGCThreads                            = 3                                         {product} {ergonomic}
     uint G1ConcRefinementThreads                  = 13                                        {product} {ergonomic}
   size_t G1HeapRegionSize                         = 4194304                                   {product} {ergonomic}
    uintx GCDrainStackTargetSize                   = 64                                        {product} {ergonomic}
   size_t InitialHeapSize                          = 536870912                                 {product} {ergonomic}
   size_t MarkStackSize                            = 4194304                                   {product} {ergonomic}
   size_t MaxHeapSize                              = 8577351680                                {product} {ergonomic}
   size_t MinHeapDeltaBytes                        = 4194304                                   {product} {ergonomic}
   size_t MinHeapSize                              = 8388608                                   {product} {ergonomic}
    uintx NonNMethodCodeHeapSize                   = 7602480                                {pd product} {ergonomic}
    uintx NonProfiledCodeHeapSize                  = 122027880                              {pd product} {ergonomic}
    uintx ProfiledCodeHeapSize                     = 122027880                              {pd product} {ergonomic}
    uintx ReservedCodeCacheSize                    = 251658240                              {pd product} {ergonomic}
     bool SegmentedCodeCache                       = true                                      {product} {ergonomic}
   size_t SoftMaxHeapSize                          = 8577351680                             {manageable} {ergonomic}
     bool UseCompressedClassPointers               = true                           {product lp64_product} {ergonomic}
     bool UseCompressedOops                        = true                           {product lp64_product} {ergonomic}
     bool UseG1GC                                  = true                                      {product} {ergonomic}
     bool UseLargePagesIndividualAllocation        = false                                  {pd product} {ergonomic}

Logging:
Log output configuration:
 #0: stdout all=warning uptime,level,tags
 #1: stderr all=off uptime,level,tags

Environment Variables:
PATH=C:\Program Files\Git\mingw64\libexec\git-core;C:\Program Files\Git\mingw64\libexec\git-core;C:\Program Files\Git\mingw64\bin;C:\Program Files\Git\usr\bin;C:\Users\DanPer\bin;C:\Program Files\Common Files\Oracle\Java\javapath;C:\Program Files (x86)\Common Files\Oracle\Java\java8path;C:\Program Files (x86)\Common Files\Oracle\Java\javapath;C:\Program Files (x86)\Embarcadero\Studio\19.0\bin;F:\Мои документы\Embarcadero\Studio\19.0\Bpl;C:\Program Files (x86)\Embarcadero\Studio\19.0\bin64;F:\Мои документы\Embarcadero\Studio\19.0\Bpl\Win64;C:\ProgramData\Oracle\Java\javapath;C:\Program Files\Microsoft MPI\Bin;C:\Windows\system32;C:\Windows;C:\Windows\System32\Wbem;C:\Windows\System32\WindowsPowerShell\v1.0;C:\WINDOWS\system32;C:\WINDOWS;C:\WINDOWS\System32\Wbem;C:\WINDOWS\System32\WindowsPowerShell\v1.0;C:\Program Files (x86)\GtkSharp\2.12\bin;C:\WINDOWS\System32\LibreSSL;C:\WINDOWS\System32\OpenSSH;C:\Program Files (x86)\QuickTime\QTSystem;C:\Program Files (x86)\Common Files\Acronis\SnapAPI;C:\Program Files\MATLAB\R2017a\runtime\win64;C:\Program Files\MATLAB\R2017a\bin;C:\Program Files\Docker\Docker\resources\bin;C:\WINDOWS\system32;C:\WINDOWS;C:\WINDOWS\System32\Wbem;C:\WINDOWS\System32\WindowsPowerShell\v1.0;C:\WINDOWS\System32\OpenSSH;C:\Program Files\dotnet;C:\Program Files (x86)\NVIDIA Corporation\PhysX\Common;C:\xampp\php;C:\php;C:\Program Files\nodejs;C:\Program Files\Git\cmd;C:\Server\bin\PHP;C:\Users\Public\Documents\Embarcadero\Studio\19.0\Bpl;C:\Users\DanPer\AppData\Local\Microsoft\WindowsApps;C:\Program Files\JetBrains\IntelliJ IDEA Community Edition 2021.2.3\bin;C:\Users\DanPer\AppData\Local\Programs\Python\Python311\Scripts;C:\Users\DanPer\AppData\Roaming\Python\Python311\Scripts;C:\Users\DanPer\AppData\Local\Programs\Microsoft VS Code\bin;C:\Users\DanPer\AppData\Roaming\npm;C:\apache-maven;C:\apache-maven\bin
USERNAME=DanPer
DISPLAY=:0.0
LC_ALL=en_US.UTF-8
TERM=xterm-256color
TMPDIR=C:\Users\DanPer\AppData\Local\Temp
OS=Windows_NT
PROCESSOR_IDENTIFIER=AMD64 Family 23 Model 8 Stepping 2, AuthenticAMD
TMP=C:\Users\DanPer\AppData\Local\Temp
TEMP=C:\Users\DanPer\AppData\Local\Temp



Periodic native trim disabled

JNI global refs:
JNI global refs: 0, weak refs: 0

JNI global refs memory usage: 0, weak refs: 0

OOME stack traces (most recent first):
Classloader memory used:


---------------  S Y S T E M  ---------------

OS:
 Windows 10 , 64 bit Build 19041 (10.0.19041.4842)
OS uptime: 0 days 6:44 hours

CPU: total 16 (initial active 16) (16 cores per cpu, 2 threads per core) family 23 model 8 stepping 2 microcode 0x0, cx8, cmov, fxsr, ht, mmx, 3dnowpref, sse, sse2, sse3, ssse3, sse4a, sse4.1, sse4.2, popcnt, lzcnt, tsc, tscinvbit, avx, avx2, aes, clmul, bmi1, bmi2, adx, sha, fma, vzeroupper, clflush, clflushopt
Processor Information for all 16 processors :
  Max Mhz: 3700, Current Mhz: 3700, Mhz Limit: 3700

Memory: 4k page, system-wide physical 32718M (12690M free)
TotalPageFile size 32718M (AvailPageFile size 457M)
current process WorkingSet (physical memory assigned to process): 10M, peak: 10M
current process commit charge ("private bytes"): 71M, peak: 583M

vm_info: OpenJDK 64-Bit Server VM (17.0.10+0--11609105) for windows-amd64 JRE (17.0.10+0--11609105), built on Mar 21 2024 19:10:56 by "androidbuild" with MS VC++ 16.10 / 16.11 (VS2019)

END.
